<?xml version="1.0" encoding="UTF-8"?>
<testng-results ignored="0" total="1" passed="1" failed="0" skipped="0">
  <reporter-output>
  </reporter-output>
  <suite started-at="2025-05-07T19:13:36 IST" name="Default suite" finished-at="2025-05-07T19:13:48 IST" duration-ms="12227">
    <groups>
    </groups>
    <test started-at="2025-05-07T19:13:36 IST" name="Default test" finished-at="2025-05-07T19:13:48 IST" duration-ms="12227">
      <class name="POM_Test.CooptexTest">
        <test-method is-config="true" signature="setup()[pri:0, instance:POM_Test.CooptexTest@707194ba]" started-at="2025-05-07T19:13:36 IST" name="setup" finished-at="2025-05-07T19:13:39 IST" duration-ms="3296" status="PASS">
          <reporter-output>
          </reporter-output>
        </test-method> <!-- setup -->
        <test-method signature="credentials()[pri:0, instance:POM_Test.CooptexTest@707194ba]" started-at="2025-05-07T19:13:39 IST" name="credentials" finished-at="2025-05-07T19:13:48 IST" duration-ms="8515" status="PASS">
          <reporter-output>
          </reporter-output>
        </test-method> <!-- credentials -->
        <test-method is-config="true" signature="tearDown()[pri:0, instance:POM_Test.CooptexTest@707194ba]" started-at="2025-05-07T19:13:48 IST" name="tearDown" finished-at="2025-05-07T19:13:48 IST" duration-ms="324" status="PASS">
          <reporter-output>
          </reporter-output>
        </test-method> <!-- tearDown -->
      </class> <!-- POM_Test.CooptexTest -->
    </test> <!-- Default test -->
  </suite> <!-- Default suite -->
</testng-results>
